<?xml version="1.0" encoding="utf-8"?><testsuites name="pytest tests"><testsuite name="pytest" errors="0" failures="0" skipped="0" tests="5" time="0.095" timestamp="2026-03-08T23:40:46.920426-04:00" hostname="Mathiass-MBP"><testcase classname="test.unit.test_calc.TestCalc" name="test_add_floats" time="0.007" /><testcase classname="test.unit.test_calc.TestCalc" name="test_add_integers" time="0.008" /><testcase classname="test.unit.test_calc.TestCalc" name="test_add_string_and_integer" time="0.001" /><testcase classname="test.unit.test_calc.TestCalc" name="test_add_string_and_number" time="0.001" /><testcase classname="test.unit.test_calc.TestCalc" name="test_add_strings" time="0.001" /></testsuite></testsuites>